<?xml version="1.0" encoding="UTF-8"?>
<testng-results ignored="0" total="1" passed="1" failed="0" skipped="0">
  <reporter-output>
    <line>
      <![CDATA[success]]>
    </line>
  </reporter-output>
  <suite started-at="2020-08-07T23:53:11 IST" name="Suite" finished-at="2020-08-07T23:53:11 IST" duration-ms="78">
    <groups>
    </groups>
    <test started-at="2020-08-07T23:53:11 IST" name="Test" finished-at="2020-08-07T23:53:11 IST" duration-ms="78">
      <class name="com.actiTime.timeTrack.Demo">
        <test-method signature="run()[pri:0, instance:com.actiTime.timeTrack.Demo@2ddc8ecb]" started-at="2020-08-07T23:53:11 IST" name="run" finished-at="2020-08-07T23:53:11 IST" duration-ms="14" status="PASS">
          <reporter-output>
            <line>
              <![CDATA[success]]>
            </line>
          </reporter-output>
        </test-method> <!-- run -->
      </class> <!-- com.actiTime.timeTrack.Demo -->
    </test> <!-- Test -->
  </suite> <!-- Suite -->
</testng-results>
